0 info it worked if it ends with ok
1 verbose cli [ 'C:\\Program Files\\nodejs\\node.exe',
1 verbose cli   'C:\\Users\\bedussif\\AppData\\Roaming\\npm\\node_modules\\npm\\bin\\npm-cli.js',
1 verbose cli   'run',
1 verbose cli   'js:dev' ]
2 info using npm@4.0.3
3 info using node@v6.9.4
4 verbose run-script [ 'prejs:dev', 'js:dev', 'postjs:dev' ]
5 info lifecycle apl-configurator@1.0.0~prejs:dev: apl-configurator@1.0.0
6 silly lifecycle apl-configurator@1.0.0~prejs:dev: no script for prejs:dev, continuing
7 info lifecycle apl-configurator@1.0.0~js:dev: apl-configurator@1.0.0
8 verbose lifecycle apl-configurator@1.0.0~js:dev: unsafe-perm in lifecycle true
9 verbose lifecycle apl-configurator@1.0.0~js:dev: PATH: C:\Users\bedussif\AppData\Roaming\npm\node_modules\npm\bin\node-gyp-bin;C:\wamp\www\apl-configurator\node_modules\.bin;C:\Users\bedussif\bin;C:\Program Files\Git\mingw64\bin;C:\Program Files\Git\usr\local\bin;C:\Program Files\Git\usr\bin;C:\Program Files\Git\usr\bin;C:\Program Files\Git\mingw64\bin;C:\Program Files\Git\usr\bin;C:\Users\bedussif\bin;C:\Program Files (x86)\Cmder\vendor\conemu-maximus5;C:\Program Files (x86)\Cmder\vendor\conemu-maximus5\ConEmu;C:\Program Files (x86)\ActiveState Komodo Edit 10;C:\ProgramData\Oracle\Java\javapath;C:\Program Files (x86)\Intel\iCLS Client;C:\Program Files\Intel\iCLS Client;C:\windows\system32;C:\windows;C:\windows\System32\Wbem;C:\windows\System32\WindowsPowerShell\v1.0;C:\Program Files\Intel\Intel(R) Management Engine Components\DAL;C:\Program Files (x86)\Intel\Intel(R) Management Engine Components\DAL;C:\Program Files\Intel\Intel(R) Management Engine Components\IPT;C:\Program Files (x86)\Intel\Intel(R) Management Engine Components\IPT;C:\Program Files (x86)\Windows Kits\8.1\Windows Performance Toolkit;C:\Program Files\Microsoft SQL Server\110\Tools\Binn;C:\Program Files (x86)\Microsoft SQL Server\110\Tools\Binn\ManagementStudio;C:\Program Files (x86)\Microsoft SQL Server\110\Tools\Binn;C:\Program Files (x86)\Microsoft Visual Studio 10.0\Common7\IDE\PrivateAssemblies;C:\Program Files (x86)\Microsoft SQL Server\110\DTS\Binn;C:\Program Files\TortoiseHg;C:\Program Files\Microsoft\Web Platform Installer;C:\Program Files (x86)\Microsoft ASP.NET\ASP.NET Web Pages\v1.0;C:\Ruby193\bin;C:\Program Files (x86)\Microsoft SDKs\TypeScript\1.0;C:\Program Files\Microsoft SQL Server\120\Tools\Binn;C:\wamp\bin\php\php5.5.12;C:\ProgramData\ComposerSetup\bin;C:\Program Files\CMake\bin;C:\Program Files\Git\cmd;C:\Program Files\nodejs;C:\Program Files (x86)\Yarn\bin;C:\Program Files\Intel\WiFi\bin;C:\Program Files\Common Files\Intel\WirelessCommon;C:\Ruby193\bin;C:\Program Files\Git;C:\Program Files\Git; C;C:\Program Files\Git\Program Files\nodejs;C:\Program Files (x86)\Microsoft VS Code\bin;C:\Users\bedussif\AppData\Local\atom\bin;C:\Program Files (x86)\Cmder;C:\Program Files (x86)\Console;C:\Users\bedussif\AppData\Roaming\Composer\vendor\bin;C:\Python27\Scripts;C:\Python27;C:\Users\bedussif\AppData\Roaming\npm;C:\Users\bedussif\AppData\Local\Yarn\.bin;C:\Program Files\Git\usr\bin\vendor_perl;C:\Program Files\Git\usr\bin\core_perl
10 verbose lifecycle apl-configurator@1.0.0~js:dev: CWD: C:\wamp\www\apl-configurator
11 silly lifecycle apl-configurator@1.0.0~js:dev: Args: [ '/d /s /c', 'webpack --watch' ]
12 verbose stack Error: kill ENOSYS
12 verbose stack     at exports._errnoException (util.js:1022:11)
12 verbose stack     at process.kill (internal/process.js:172:13)
12 verbose stack     at process.listener (C:\Users\bedussif\AppData\Roaming\npm\node_modules\npm\node_modules\npmlog\node_modules\gauge\node_modules\signal-exit\index.js:86:15)
12 verbose stack     at emitNone (events.js:91:20)
12 verbose stack     at process.emit (events.js:185:7)
12 verbose stack     at processEmit (C:\Users\bedussif\AppData\Roaming\npm\node_modules\npm\node_modules\npmlog\node_modules\gauge\node_modules\signal-exit\index.js:146:32)
12 verbose stack     at processEmit (C:\Users\bedussif\AppData\Roaming\npm\node_modules\npm\node_modules\npm-registry-client\node_modules\npmlog\node_modules\gauge\node_modules\signal-exit\index.js:146:32)
12 verbose stack     at Signal.wrap.onsignal (internal/process.js:199:44)
13 verbose cwd C:\wamp\www\apl-configurator
14 error Windows_NT 6.3.9600
15 error argv "C:\\Program Files\\nodejs\\node.exe" "C:\\Users\\bedussif\\AppData\\Roaming\\npm\\node_modules\\npm\\bin\\npm-cli.js" "run" "js:dev"
16 error node v6.9.4
17 error npm  v4.0.3
18 error code ENOSYS
19 error errno ENOSYS
20 error syscall kill
21 error kill ENOSYS
22 error If you need help, you may report this error at:
22 error     <https://github.com/npm/npm/issues>
23 verbose exit [ 1, true ]
